{"name": "test_nishi", "status": "failed", "statusDetails": {"message": "AssertionError: assert 0", "trace": "self = <scripts.test_hello.TestHello object at 0x0000000003A576D8>\n\n    def test_nishi(self):\n>       assert 0\nE       assert 0\n\nscripts\\test_hello.py:5: AssertionError"}, "start": 1583379156158, "stop": 1583379156158, "uuid": "ce36434f-f990-4845-ac65-13866321ada8", "historyId": "74c7902528182547047928e9a2e61561", "testCaseId": "fc8e969bead30db8fac8814fcbdcae90", "fullName": "scripts.test_hello.TestHello#test_nishi", "labels": [{"name": "parentSuite", "value": "scripts"}, {"name": "suite", "value": "test_hello"}, {"name": "subSuite", "value": "TestHello"}, {"name": "host", "value": "Think-PC"}, {"name": "thread", "value": "7476-MainThread"}, {"name": "framework", "value": "pytest"}, {"name": "language", "value": "cpython3"}, {"name": "package", "value": "scripts.test_hello"}]}